{"/Users/david.garcia/workspace/bbva-next-mx/demo-cicd/src/secrets.js": {"path":"/Users/david.garcia/workspace/bbva-next-mx/demo-cicd/src/secrets.js","statementMap":{"0":{"start":{"line":1,"column":0},"end":{"line":6,"column":2}}},"fnMap":{},"branchMap":{},"s":{"0":1},"f":{},"b":{},"_coverageSchema":"1a1c01bbd47fc00a2c39e90264f33305004495a9","hash":"382dc94e5168e04d5df3faf14e09c819ea1d85ff"}
,"/Users/david.garcia/workspace/bbva-next-mx/demo-cicd/src/lib/index.js": {"path":"/Users/david.garcia/workspace/bbva-next-mx/demo-cicd/src/lib/index.js","statementMap":{"0":{"start":{"line":1,"column":16},"end":{"line":1,"column":40}},"1":{"start":{"line":4,"column":0},"end":{"line":6,"column":2}},"2":{"start":{"line":5,"column":4},"end":{"line":5,"column":28}},"3":{"start":{"line":8,"column":0},"end":{"line":10,"column":2}},"4":{"start":{"line":9,"column":4},"end":{"line":9,"column":39}}},"fnMap":{"0":{"name":"(anonymous_0)","decl":{"start":{"line":4,"column":23},"end":{"line":4,"column":24}},"loc":{"start":{"line":4,"column":32},"end":{"line":6,"column":1}},"line":4},"1":{"name":"(anonymous_1)","decl":{"start":{"line":8,"column":27},"end":{"line":8,"column":28}},"loc":{"start":{"line":8,"column":36},"end":{"line":10,"column":1}},"line":8}},"branchMap":{"0":{"loc":{"start":{"line":9,"column":11},"end":{"line":9,"column":38}},"type":"binary-expr","locations":[{"start":{"line":9,"column":11},"end":{"line":9,"column":23}},{"start":{"line":9,"column":27},"end":{"line":9,"column":38}}],"line":9}},"s":{"0":1,"1":1,"2":1,"3":1,"4":2},"f":{"0":1,"1":2},"b":{"0":[2,1]},"_coverageSchema":"1a1c01bbd47fc00a2c39e90264f33305004495a9","hash":"78a9484578a96acde95a5d7f6ddb8dbd1d345e14"}
}
